<?xml version="1.0" encoding="UTF-8"?>
<testsuite xmlns:xsi="http://www.w3.org/2001/XMLSchema-instance" xsi:noNamespaceSchemaLocation="https://maven.apache.org/surefire/maven-surefire-plugin/xsd/surefire-test-report-3.0.xsd" version="3.0" name="TestSuite" time="16.116" tests="30" errors="0" skipped="0" failures="0">
  <properties>
    <property name="java.specification.version" value="17"/>
    <property name="sun.cpu.isalist" value="amd64"/>
    <property name="sun.jnu.encoding" value="Cp1252"/>
    <property name="java.class.path" value="D:\SDET_API\RestApi_RestAssured\FakeStoreRestApi\target\test-classes;D:\SDET_API\RestApi_RestAssured\FakeStoreRestApi\target\classes;C:\Users\Viru\.m2\repository\io\rest-assured\rest-assured\5.5.0\rest-assured-5.5.0.jar;C:\Users\Viru\.m2\repository\org\apache\groovy\groovy\4.0.22\groovy-4.0.22.jar;C:\Users\Viru\.m2\repository\org\apache\groovy\groovy-xml\4.0.22\groovy-xml-4.0.22.jar;C:\Users\Viru\.m2\repository\org\apache\httpcomponents\httpclient\4.5.13\httpclient-4.5.13.jar;C:\Users\Viru\.m2\repository\org\apache\httpcomponents\httpcore\4.4.13\httpcore-4.4.13.jar;C:\Users\Viru\.m2\repository\commons-logging\commons-logging\1.2\commons-logging-1.2.jar;C:\Users\Viru\.m2\repository\commons-codec\commons-codec\1.11\commons-codec-1.11.jar;C:\Users\Viru\.m2\repository\org\apache\httpcomponents\httpmime\4.5.13\httpmime-4.5.13.jar;C:\Users\Viru\.m2\repository\org\hamcrest\hamcrest\2.2\hamcrest-2.2.jar;C:\Users\Viru\.m2\repository\org\ccil\cowan\tagsoup\tagsoup\1.2.1\tagsoup-1.2.1.jar;C:\Users\Viru\.m2\repository\org\testng\testng\7.10.2\testng-7.10.2.jar;C:\Users\Viru\.m2\repository\org\slf4j\slf4j-api\1.7.36\slf4j-api-1.7.36.jar;C:\Users\Viru\.m2\repository\com\beust\jcommander\1.82\jcommander-1.82.jar;C:\Users\Viru\.m2\repository\org\webjars\jquery\3.7.1\jquery-3.7.1.jar;C:\Users\Viru\.m2\repository\io\rest-assured\json-path\5.5.0\json-path-5.5.0.jar;C:\Users\Viru\.m2\repository\org\apache\groovy\groovy-json\4.0.22\groovy-json-4.0.22.jar;C:\Users\Viru\.m2\repository\io\rest-assured\rest-assured-common\5.5.0\rest-assured-common-5.5.0.jar;C:\Users\Viru\.m2\repository\io\rest-assured\xml-path\5.5.0\xml-path-5.5.0.jar;C:\Users\Viru\.m2\repository\org\apache\commons\commons-lang3\3.11\commons-lang3-3.11.jar;C:\Users\Viru\.m2\repository\io\rest-assured\json-schema-validator\5.5.0\json-schema-validator-5.5.0.jar;C:\Users\Viru\.m2\repository\com\github\java-json-tools\json-schema-validator\2.2.14\json-schema-validator-2.2.14.jar;C:\Users\Viru\.m2\repository\com\github\java-json-tools\jackson-coreutils-equivalence\1.0\jackson-coreutils-equivalence-1.0.jar;C:\Users\Viru\.m2\repository\com\github\java-json-tools\jackson-coreutils\2.0\jackson-coreutils-2.0.jar;C:\Users\Viru\.m2\repository\com\github\java-json-tools\msg-simple\1.2\msg-simple-1.2.jar;C:\Users\Viru\.m2\repository\com\github\java-json-tools\btf\1.3\btf-1.3.jar;C:\Users\Viru\.m2\repository\com\github\java-json-tools\json-schema-core\1.2.14\json-schema-core-1.2.14.jar;C:\Users\Viru\.m2\repository\com\github\java-json-tools\uri-template\0.10\uri-template-0.10.jar;C:\Users\Viru\.m2\repository\org\mozilla\rhino\1.7.7.2\rhino-1.7.7.2.jar;C:\Users\Viru\.m2\repository\com\sun\mail\mailapi\1.6.2\mailapi-1.6.2.jar;C:\Users\Viru\.m2\repository\joda-time\joda-time\2.10.5\joda-time-2.10.5.jar;C:\Users\Viru\.m2\repository\com\googlecode\libphonenumber\libphonenumber\8.11.1\libphonenumber-8.11.1.jar;C:\Users\Viru\.m2\repository\com\google\code\findbugs\jsr305\3.0.2\jsr305-3.0.2.jar;C:\Users\Viru\.m2\repository\net\sf\jopt-simple\jopt-simple\5.0.4\jopt-simple-5.0.4.jar;C:\Users\Viru\.m2\repository\com\google\guava\guava\33.2.1-jre\guava-33.2.1-jre.jar;C:\Users\Viru\.m2\repository\com\google\guava\failureaccess\1.0.2\failureaccess-1.0.2.jar;C:\Users\Viru\.m2\repository\com\google\guava\listenablefuture\9999.0-empty-to-avoid-conflict-with-guava\listenablefuture-9999.0-empty-to-avoid-conflict-with-guava.jar;C:\Users\Viru\.m2\repository\org\checkerframework\checker-qual\3.42.0\checker-qual-3.42.0.jar;C:\Users\Viru\.m2\repository\com\google\j2objc\j2objc-annotations\3.0.0\j2objc-annotations-3.0.0.jar;C:\Users\Viru\.m2\repository\org\json\json\20250107\json-20250107.jar;C:\Users\Viru\.m2\repository\com\google\code\gson\gson\2.11.0\gson-2.11.0.jar;C:\Users\Viru\.m2\repository\com\google\errorprone\error_prone_annotations\2.27.0\error_prone_annotations-2.27.0.jar;C:\Users\Viru\.m2\repository\com\github\scribejava\scribejava-apis\8.3.3\scribejava-apis-8.3.3.jar;C:\Users\Viru\.m2\repository\com\github\scribejava\scribejava-core\8.3.3\scribejava-core-8.3.3.jar;C:\Users\Viru\.m2\repository\com\github\scribejava\scribejava-java8\8.3.3\scribejava-java8-8.3.3.jar;C:\Users\Viru\.m2\repository\com\github\javafaker\javafaker\1.0.2\javafaker-1.0.2.jar;C:\Users\Viru\.m2\repository\org\yaml\snakeyaml\1.23\snakeyaml-1.23-android.jar;C:\Users\Viru\.m2\repository\com\github\mifmif\generex\1.0.2\generex-1.0.2.jar;C:\Users\Viru\.m2\repository\dk\brics\automaton\automaton\1.11-8\automaton-1.11-8.jar;C:\Users\Viru\.m2\repository\com\fasterxml\jackson\core\jackson-databind\2.18.2\jackson-databind-2.18.2.jar;C:\Users\Viru\.m2\repository\com\fasterxml\jackson\core\jackson-annotations\2.18.2\jackson-annotations-2.18.2.jar;C:\Users\Viru\.m2\repository\com\fasterxml\jackson\core\jackson-core\2.18.2\jackson-core-2.18.2.jar;C:\Users\Viru\.m2\repository\io\qameta\allure\allure-testng\2.29.0\allure-testng-2.29.0.jar;C:\Users\Viru\.m2\repository\io\qameta\allure\allure-java-commons\2.29.0\allure-java-commons-2.29.0.jar;C:\Users\Viru\.m2\repository\io\qameta\allure\allure-model\2.29.0\allure-model-2.29.0.jar;C:\Users\Viru\.m2\repository\io\qameta\allure\allure-test-filter\2.29.0\allure-test-filter-2.29.0.jar;C:\Users\Viru\.m2\repository\com\aventstack\extentreports\5.1.2\extentreports-5.1.2.jar;C:\Users\Viru\.m2\repository\io\reactivex\rxjava3\rxjava\3.1.6\rxjava-3.1.6.jar;C:\Users\Viru\.m2\repository\org\reactivestreams\reactive-streams\1.0.4\reactive-streams-1.0.4.jar;C:\Users\Viru\.m2\repository\org\freemarker\freemarker\2.3.32\freemarker-2.3.32.jar;C:\Users\Viru\.m2\repository\org\projectlombok\lombok\1.18.26\lombok-1.18.26.jar;"/>
    <property name="java.vm.vendor" value="Oracle Corporation"/>
    <property name="sun.arch.data.model" value="64"/>
    <property name="user.variant" value=""/>
    <property name="java.vendor.url" value="https://java.oracle.com/"/>
    <property name="user.timezone" value="Australia/Sydney"/>
    <property name="os.name" value="Windows 11"/>
    <property name="java.vm.specification.version" value="17"/>
    <property name="sun.java.launcher" value="SUN_STANDARD"/>
    <property name="user.country" value="AU"/>
    <property name="sun.boot.library.path" value="C:\Program Files\Java\jdk-17.0.3.1\bin"/>
    <property name="sun.java.command" value="C:\Users\Viru\AppData\Local\Temp\surefire8274755507417099721\surefirebooter-20251003072107756_3.jar C:\Users\Viru\AppData\Local\Temp\surefire8274755507417099721 2025-10-03T07-21-07_435-jvmRun1 surefire-20251003072107756_1tmp surefire_0-20251003072107756_2tmp"/>
    <property name="jdk.debug" value="release"/>
    <property name="surefire.test.class.path" value="D:\SDET_API\RestApi_RestAssured\FakeStoreRestApi\target\test-classes;D:\SDET_API\RestApi_RestAssured\FakeStoreRestApi\target\classes;C:\Users\Viru\.m2\repository\io\rest-assured\rest-assured\5.5.0\rest-assured-5.5.0.jar;C:\Users\Viru\.m2\repository\org\apache\groovy\groovy\4.0.22\groovy-4.0.22.jar;C:\Users\Viru\.m2\repository\org\apache\groovy\groovy-xml\4.0.22\groovy-xml-4.0.22.jar;C:\Users\Viru\.m2\repository\org\apache\httpcomponents\httpclient\4.5.13\httpclient-4.5.13.jar;C:\Users\Viru\.m2\repository\org\apache\httpcomponents\httpcore\4.4.13\httpcore-4.4.13.jar;C:\Users\Viru\.m2\repository\commons-logging\commons-logging\1.2\commons-logging-1.2.jar;C:\Users\Viru\.m2\repository\commons-codec\commons-codec\1.11\commons-codec-1.11.jar;C:\Users\Viru\.m2\repository\org\apache\httpcomponents\httpmime\4.5.13\httpmime-4.5.13.jar;C:\Users\Viru\.m2\repository\org\hamcrest\hamcrest\2.2\hamcrest-2.2.jar;C:\Users\Viru\.m2\repository\org\ccil\cowan\tagsoup\tagsoup\1.2.1\tagsoup-1.2.1.jar;C:\Users\Viru\.m2\repository\org\testng\testng\7.10.2\testng-7.10.2.jar;C:\Users\Viru\.m2\repository\org\slf4j\slf4j-api\1.7.36\slf4j-api-1.7.36.jar;C:\Users\Viru\.m2\repository\com\beust\jcommander\1.82\jcommander-1.82.jar;C:\Users\Viru\.m2\repository\org\webjars\jquery\3.7.1\jquery-3.7.1.jar;C:\Users\Viru\.m2\repository\io\rest-assured\json-path\5.5.0\json-path-5.5.0.jar;C:\Users\Viru\.m2\repository\org\apache\groovy\groovy-json\4.0.22\groovy-json-4.0.22.jar;C:\Users\Viru\.m2\repository\io\rest-assured\rest-assured-common\5.5.0\rest-assured-common-5.5.0.jar;C:\Users\Viru\.m2\repository\io\rest-assured\xml-path\5.5.0\xml-path-5.5.0.jar;C:\Users\Viru\.m2\repository\org\apache\commons\commons-lang3\3.11\commons-lang3-3.11.jar;C:\Users\Viru\.m2\repository\io\rest-assured\json-schema-validator\5.5.0\json-schema-validator-5.5.0.jar;C:\Users\Viru\.m2\repository\com\github\java-json-tools\json-schema-validator\2.2.14\json-schema-validator-2.2.14.jar;C:\Users\Viru\.m2\repository\com\github\java-json-tools\jackson-coreutils-equivalence\1.0\jackson-coreutils-equivalence-1.0.jar;C:\Users\Viru\.m2\repository\com\github\java-json-tools\jackson-coreutils\2.0\jackson-coreutils-2.0.jar;C:\Users\Viru\.m2\repository\com\github\java-json-tools\msg-simple\1.2\msg-simple-1.2.jar;C:\Users\Viru\.m2\repository\com\github\java-json-tools\btf\1.3\btf-1.3.jar;C:\Users\Viru\.m2\repository\com\github\java-json-tools\json-schema-core\1.2.14\json-schema-core-1.2.14.jar;C:\Users\Viru\.m2\repository\com\github\java-json-tools\uri-template\0.10\uri-template-0.10.jar;C:\Users\Viru\.m2\repository\org\mozilla\rhino\1.7.7.2\rhino-1.7.7.2.jar;C:\Users\Viru\.m2\repository\com\sun\mail\mailapi\1.6.2\mailapi-1.6.2.jar;C:\Users\Viru\.m2\repository\joda-time\joda-time\2.10.5\joda-time-2.10.5.jar;C:\Users\Viru\.m2\repository\com\googlecode\libphonenumber\libphonenumber\8.11.1\libphonenumber-8.11.1.jar;C:\Users\Viru\.m2\repository\com\google\code\findbugs\jsr305\3.0.2\jsr305-3.0.2.jar;C:\Users\Viru\.m2\repository\net\sf\jopt-simple\jopt-simple\5.0.4\jopt-simple-5.0.4.jar;C:\Users\Viru\.m2\repository\com\google\guava\guava\33.2.1-jre\guava-33.2.1-jre.jar;C:\Users\Viru\.m2\repository\com\google\guava\failureaccess\1.0.2\failureaccess-1.0.2.jar;C:\Users\Viru\.m2\repository\com\google\guava\listenablefuture\9999.0-empty-to-avoid-conflict-with-guava\listenablefuture-9999.0-empty-to-avoid-conflict-with-guava.jar;C:\Users\Viru\.m2\repository\org\checkerframework\checker-qual\3.42.0\checker-qual-3.42.0.jar;C:\Users\Viru\.m2\repository\com\google\j2objc\j2objc-annotations\3.0.0\j2objc-annotations-3.0.0.jar;C:\Users\Viru\.m2\repository\org\json\json\20250107\json-20250107.jar;C:\Users\Viru\.m2\repository\com\google\code\gson\gson\2.11.0\gson-2.11.0.jar;C:\Users\Viru\.m2\repository\com\google\errorprone\error_prone_annotations\2.27.0\error_prone_annotations-2.27.0.jar;C:\Users\Viru\.m2\repository\com\github\scribejava\scribejava-apis\8.3.3\scribejava-apis-8.3.3.jar;C:\Users\Viru\.m2\repository\com\github\scribejava\scribejava-core\8.3.3\scribejava-core-8.3.3.jar;C:\Users\Viru\.m2\repository\com\github\scribejava\scribejava-java8\8.3.3\scribejava-java8-8.3.3.jar;C:\Users\Viru\.m2\repository\com\github\javafaker\javafaker\1.0.2\javafaker-1.0.2.jar;C:\Users\Viru\.m2\repository\org\yaml\snakeyaml\1.23\snakeyaml-1.23-android.jar;C:\Users\Viru\.m2\repository\com\github\mifmif\generex\1.0.2\generex-1.0.2.jar;C:\Users\Viru\.m2\repository\dk\brics\automaton\automaton\1.11-8\automaton-1.11-8.jar;C:\Users\Viru\.m2\repository\com\fasterxml\jackson\core\jackson-databind\2.18.2\jackson-databind-2.18.2.jar;C:\Users\Viru\.m2\repository\com\fasterxml\jackson\core\jackson-annotations\2.18.2\jackson-annotations-2.18.2.jar;C:\Users\Viru\.m2\repository\com\fasterxml\jackson\core\jackson-core\2.18.2\jackson-core-2.18.2.jar;C:\Users\Viru\.m2\repository\io\qameta\allure\allure-testng\2.29.0\allure-testng-2.29.0.jar;C:\Users\Viru\.m2\repository\io\qameta\allure\allure-java-commons\2.29.0\allure-java-commons-2.29.0.jar;C:\Users\Viru\.m2\repository\io\qameta\allure\allure-model\2.29.0\allure-model-2.29.0.jar;C:\Users\Viru\.m2\repository\io\qameta\allure\allure-test-filter\2.29.0\allure-test-filter-2.29.0.jar;C:\Users\Viru\.m2\repository\com\aventstack\extentreports\5.1.2\extentreports-5.1.2.jar;C:\Users\Viru\.m2\repository\io\reactivex\rxjava3\rxjava\3.1.6\rxjava-3.1.6.jar;C:\Users\Viru\.m2\repository\org\reactivestreams\reactive-streams\1.0.4\reactive-streams-1.0.4.jar;C:\Users\Viru\.m2\repository\org\freemarker\freemarker\2.3.32\freemarker-2.3.32.jar;C:\Users\Viru\.m2\repository\org\projectlombok\lombok\1.18.26\lombok-1.18.26.jar;"/>
    <property name="sun.cpu.endian" value="little"/>
    <property name="user.home" value="C:\Users\Viru"/>
    <property name="user.language" value="en"/>
    <property name="java.specification.vendor" value="Oracle Corporation"/>
    <property name="java.version.date" value="2022-04-22"/>
    <property name="java.home" value="C:\Program Files\Java\jdk-17.0.3.1"/>
    <property name="file.separator" value="\"/>
    <property name="basedir" value="D:\SDET_API\RestApi_RestAssured\FakeStoreRestApi"/>
    <property name="java.vm.compressedOopsMode" value="Zero based"/>
    <property name="line.separator" value="&#10;"/>
    <property name="java.vm.specification.vendor" value="Oracle Corporation"/>
    <property name="java.specification.name" value="Java Platform API Specification"/>
    <property name="surefire.real.class.path" value="C:\Users\Viru\AppData\Local\Temp\surefire8274755507417099721\surefirebooter-20251003072107756_3.jar"/>
    <property name="user.script" value=""/>
    <property name="sun.management.compiler" value="HotSpot 64-Bit Tiered Compilers"/>
    <property name="java.runtime.version" value="17.0.3.1+2-LTS-6"/>
    <property name="user.name" value="Viru"/>
    <property name="path.separator" value=";"/>
    <property name="os.version" value="10.0"/>
    <property name="java.runtime.name" value="Java(TM) SE Runtime Environment"/>
    <property name="file.encoding" value="Cp1252"/>
    <property name="java.vm.name" value="Java HotSpot(TM) 64-Bit Server VM"/>
    <property name="localRepository" value="C:\Users\Viru\.m2\repository"/>
    <property name="java.vendor.url.bug" value="https://bugreport.java.com/bugreport/"/>
    <property name="java.io.tmpdir" value="C:\Users\Viru\AppData\Local\Temp\"/>
    <property name="java.version" value="17.0.3.1"/>
    <property name="user.dir" value="D:\SDET_API\RestApi_RestAssured\FakeStoreRestApi"/>
    <property name="os.arch" value="amd64"/>
    <property name="java.vm.specification.name" value="Java Virtual Machine Specification"/>
    <property name="sun.os.patch.level" value=""/>
    <property name="native.encoding" value="Cp1252"/>
    <property name="java.library.path" value="C:\Program Files\Java\jdk-17.0.3.1\bin;C:\WINDOWS\Sun\Java\bin;C:\WINDOWS\system32;C:\WINDOWS;C:\Program Files\Common Files\Oracle\Java\javapath;C:\WINDOWS\system32;C:\WINDOWS;C:\WINDOWS\System32\Wbem;C:\WINDOWS\System32\WindowsPowerShell\v1.0\;C:\WINDOWS\System32\OpenSSH\;C:\Program Files\Java\jdk-17.0.3.1\bin;C:\Program Files\Git\cmd;C:\Program Files\Microsoft SQL Server\Client SDK\ODBC\170\Tools\Binn\;C:\Program Files (x86)\Microsoft SQL Server\150\Tools\Binn\;C:\Program Files\Microsoft SQL Server\150\Tools\Binn\;C:\Program Files\Microsoft SQL Server\150\DTS\Binn\;C:\Program Files (x86)\Microsoft SQL Server\150\DTS\Binn\;C:\apache-maven-3.8.6\bin\;C:\Program Files\dotnet\;C:\Program Files\HP\HP One Agent;C:\WINDOWS\system32;C:\WINDOWS;C:\WINDOWS\System32\Wbem;C:\WINDOWS\System32\WindowsPowerShell\v1.0\;C:\WINDOWS\System32\OpenSSH\;C:\Program Files\nodejs\;C:\Program Files\nodejs\node-module;C:\Program Files\allure-2.35.1\bin;C:\Users\Viru\AppData\Local\Programs\Python\Python313\Scripts\;C:\Users\Viru\AppData\Local\Programs\Python\Python313\;C:\Users\Viru\AppData\Local\Programs\Python\Launcher\;C:\Users\Viru\AppData\Local\Microsoft\WindowsApps;C:\Program Files\Azure Data Studio\bin;C:\Program Files\JetBrains\PyCharm Community Edition 2025.1\bin;;C:\Users\Viru\AppData\Roaming\npm;C:\Program Files\apache-maven-3.9.11\bin;C:\Program Files\allure-2.35.1\bin;;."/>
    <property name="java.vm.info" value="mixed mode, sharing"/>
    <property name="java.vendor" value="Oracle Corporation"/>
    <property name="java.vm.version" value="17.0.3.1+2-LTS-6"/>
    <property name="sun.io.unicode.encoding" value="UnicodeLittle"/>
    <property name="java.class.version" value="61.0"/>
  </properties>
  <testcase name="testCreateNewProduct" classname="testcases.ProductTests" time="3.495">
    <system-out><![CDATA[{
    "id": 21,
    "title": "Mediocre Concrete Bag",
    "price": 59.91,
    "description": "Optio nihil et magni repudiandae.",
    "image": "https://i.pravatar.cc/100",
    "category": "books"
}
Product Id is: 21
]]></system-out>
    <system-err><![CDATA[SLF4J: Failed to load class "org.slf4j.impl.StaticLoggerBinder".
SLF4J: Defaulting to no-operation (NOP) logger implementation
SLF4J: See http://www.slf4j.org/codes.html#StaticLoggerBinder for further details.
]]></system-err>
  </testcase>
  <testcase name="getProductWithLimit" classname="testcases.ProductTests" time="3.501"/>
  <testcase name="testGetAllCategories" classname="testcases.ProductTests" time="1.067"/>
  <testcase name="testDeleteProduct" classname="testcases.ProductTests" time="0.073"/>
  <testcase name="testGetCategoryById" classname="testcases.ProductTests" time="0.604"/>
  <testcase name="testGetAllProducts" classname="testcases.ProductTests" time="0.754"/>
  <testcase name="testGetSortedProductInAsc" classname="testcases.ProductTests" time="0.003"/>
  <testcase name="testProductById" classname="testcases.ProductTests" time="0.506"/>
  <testcase name="testGetSortedProductInDesc" classname="testcases.ProductTests" time="0.026"/>
  <testcase name="testUpdateProduct" classname="testcases.ProductTests" time="0.464">
    <system-out><![CDATA[{
    "id": 1,
    "title": "Rustic Iron Table",
    "price": 45.06,
    "description": "Autem deleniti voluptatum voluptatem aliquid aut ut et.",
    "image": "https://i.pravatar.cc/100",
    "category": "books"
}
]]></system-out>
  </testcase>
  <testcase name="testDeleteUser" classname="testcases.UsersTests" time="0.578"/>
  <testcase name="testAddNewUser" classname="testcases.UsersTests" time="0.277">
    <system-out><![CDATA[{
    "id": 11
}
UserId is: 11
]]></system-out>
  </testcase>
  <testcase name="testGetAllUsers" classname="testcases.UsersTests" time="0.359"/>
  <testcase name="testGetUserById" classname="testcases.UsersTests" time="0.19">
    <system-out><![CDATA[{
    "address": {
        "geolocation": {
            "lat": "-37.3159",
            "long": "81.1496"
        },
        "city": "kilcoole",
        "street": "new road",
        "number": 7682,
        "zipcode": "12926-3874"
    },
    "id": 1,
    "email": "john@gmail.com",
    "username": "johnd",
    "password": "m38rmF$",
    "name": {
        "firstname": "john",
        "lastname": "doe"
    },
    "phone": "1-570-236-7033",
    "__v": 0
}
]]></system-out>
  </testcase>
  <testcase name="testGetUsersSortedInAsc" classname="testcases.UsersTests" time="0.464"/>
  <testcase name="testGetUsersSortedInDesc" classname="testcases.UsersTests" time="0.155"/>
  <testcase name="testGetUsersWithLimit" classname="testcases.UsersTests" time="0.41"/>
  <testcase name="testUpdateUser" classname="testcases.UsersTests" time="0.497">
    <system-out><![CDATA[{
    "username": "sonja.streich",
    "email": "franklin.rice@yahoo.com",
    "password": "natiyh2ytcmdn37",
    "name": {
        "firstName": "Allena",
        "lastName": "Welch"
    },
    "address": {
        "city": "Carolannland",
        "street": "Ana Cove",
        "number": 57,
        "zipcode": "81602-1951",
        "geolocation": {
            "lat": "54.165851",
            "longitude": "-59.263096"
        }
    },
    "phoneNumber": "(441) 147-4994"
}
]]></system-out>
  </testcase>
  <testcase name="testAddNewCart" classname="testcases.CartTests" time="0.491">
    <system-out><![CDATA[{
    "id": 11,
    "userId": 1,
    "date": 1759440080117
}
]]></system-out>
  </testcase>
  <testcase name="testDeleteCart" classname="testcases.CartTests" time="0.061"/>
  <testcase name="testGetAllCartItems" classname="testcases.CartTests" time="0.46"/>
  <testcase name="testGetCartInDataRange" classname="testcases.CartTests" time="0.048"/>
  <testcase name="testGetCartItemsByUserId" classname="testcases.CartTests" time="0.515"/>
  <testcase name="testGetCartItemsById" classname="testcases.CartTests" time="0.104"/>
  <testcase name="testGetCartItemsWithLimit" classname="testcases.CartTests" time="0.446"/>
  <testcase name="testGetSortedInDesc" classname="testcases.CartTests" time="0.126"/>
  <testcase name="updateCart" classname="testcases.CartTests" time="0.468">
    <system-out><![CDATA[{
    "id": 1,
    "userId": 1,
    "date": 1759440082375
}
]]></system-out>
  </testcase>
  <testcase name="testSortedCartItemsInAsc" classname="testcases.CartTests" time="0.479"/>
  <testcase name="testValidLogin" classname="testcases.LoginTests" time="0.828">
    <system-out><![CDATA[{
    "token": "eyJhbGciOiJIUzI1NiIsInR5cCI6IkpXVCJ9.eyJzdWIiOjIsInVzZXIiOiJtb3JfMjMxNCIsImlhdCI6MTc1OTQ0MDA4M30.QDar9qOYgG3hc3b83Sr5Vlp8lHG6Sj6uCFcvBmY6Hzc"
}
Token is::eyJhbGciOiJIUzI1NiIsInR5cCI6IkpXVCJ9.eyJzdWIiOjIsInVzZXIiOiJtb3JfMjMxNCIsImlhdCI6MTc1OTQ0MDA4M30.QDar9qOYgG3hc3b83Sr5Vlp8lHG6Sj6uCFcvBmY6Hzc
]]></system-out>
  </testcase>
  <testcase name="testInvalidLogin" classname="testcases.LoginTests" time="1.248">
    <system-out><![CDATA[<html>
  <body>username or password is incorrect</body>
</html>
]]></system-out>
  </testcase>
</testsuite>