<?xml version="1.0" encoding="UTF-8"?>
<!-- Generated by org.testng.reporters.JUnitReportReporter -->
<testsuite hostname="Viraj" failures="0" tests="2" name="testcases.LoginTests" time="2.058" errors="0" timestamp="2025-10-03T07:21:24 AEST" skipped="0">
  <testcase classname="testcases.LoginTests" name="testValidLogin" time="0.820"/>
  <testcase classname="testcases.LoginTests" name="testInvalidLogin" time="1.238"/>
</testsuite> <!-- testcases.LoginTests -->
