<?xml version="1.0" encoding="UTF-8"?>
<!-- Generated by org.testng.reporters.JUnitReportReporter -->
<testsuite hostname="Viraj" failures="0" tests="10" name="testcases.ProductTests" time="13.275" errors="0" timestamp="2025-10-03T07:21:24 AEST" skipped="0">
  <testcase classname="testcases.ProductTests" name="testGetSortedProductInAsc" time="0.755"/>
  <testcase classname="testcases.ProductTests" name="testGetAllProducts" time="1.430"/>
  <testcase classname="testcases.ProductTests" name="testCreateNewProduct" time="3.438"/>
  <testcase classname="testcases.ProductTests" name="getProductWithLimit" time="3.351"/>
  <testcase classname="testcases.ProductTests" name="testGetSortedProductInDesc" time="0.530"/>
  <testcase classname="testcases.ProductTests" name="testDeleteProduct" time="1.145"/>
  <testcase classname="testcases.ProductTests" name="testProductById" time="0.503"/>
  <testcase classname="testcases.ProductTests" name="testGetAllCategories" time="1.066"/>
  <testcase classname="testcases.ProductTests" name="testGetCategoryById" time="0.601"/>
  <testcase classname="testcases.ProductTests" name="testUpdateProduct" time="0.456"/>
</testsuite> <!-- testcases.ProductTests -->
