<?xml version="1.0" encoding="UTF-8"?>
<!-- Generated by org.testng.reporters.JUnitReportReporter -->
<testsuite hostname="Viraj" failures="0" tests="10" name="testcases.CartTests" time="5.422" errors="0" timestamp="2025-10-03T07:21:24 AEST" skipped="0">
  <testcase classname="testcases.CartTests" name="testGetCartInDataRange" time="0.504"/>
  <testcase classname="testcases.CartTests" name="testGetCartItemsWithLimit" time="0.551"/>
  <testcase classname="testcases.CartTests" name="testGetCartItemsById" time="0.665"/>
  <testcase classname="testcases.CartTests" name="testGetSortedInDesc" time="0.569"/>
  <testcase classname="testcases.CartTests" name="testSortedCartItemsInAsc" time="0.602"/>
  <testcase classname="testcases.CartTests" name="testAddNewCart" time="0.484"/>
  <testcase classname="testcases.CartTests" name="testGetAllCartItems" time="0.521"/>
  <testcase classname="testcases.CartTests" name="testGetCartItemsByUserId" time="0.511"/>
  <testcase classname="testcases.CartTests" name="testDeleteCart" time="0.550"/>
  <testcase classname="testcases.CartTests" name="updateCart" time="0.465"/>
</testsuite> <!-- testcases.CartTests -->
